[debug] [2026-03-01T15:17:20.677Z] [Firebase Plugin] Activating Firebase extension.
[debug] [2026-03-01T15:17:57.822Z] [Firebase Plugin] requireAuthWrapper
[debug] [2026-03-01T15:17:57.825Z] > command requires scopes: ["email","openid","https://www.googleapis.com/auth/cloudplatformprojects.readonly","https://www.googleapis.com/auth/firebase","https://www.googleapis.com/auth/cloud-platform","https://www.googleapis.com/auth/userinfo.email"]
[debug] [2026-03-01T15:17:57.827Z] > authorizing via signed-in user (avi@envsn.com)
[debug] [2026-03-01T15:17:57.834Z] No OAuth tokens found
[debug] [2026-03-01T15:17:57.835Z] No OAuth tokens found
[debug] [2026-03-01T15:17:57.835Z] > command requires scopes: ["email","openid","https://www.googleapis.com/auth/cloudplatformprojects.readonly","https://www.googleapis.com/auth/firebase","https://www.googleapis.com/auth/cloud-platform","https://www.googleapis.com/auth/userinfo.email"]
[debug] [2026-03-01T15:17:57.836Z] > authorizing via signed-in user (avi@envsn.com)
[debug] [2026-03-01T15:17:57.837Z] [Firebase Plugin] User found:  avi@envsn.com
[info] [Firebase Plugin] (Core:Project) New user detected, fetching projects
[debug] [2026-03-01T15:17:57.839Z] No OAuth tokens found
[debug] [2026-03-01T15:17:57.842Z] >>> [apiv2][query] GET https://firebase.googleapis.com/v1beta1/projects pageSize=1000
[debug] [2026-03-01T15:17:57.961Z] [Firebase Plugin] VSCode notification server listening on port 40002
[info] [Firebase Plugin] Starting Data Connect toolkit (version 3.1.4) on port 50002
[info] i  dataconnect: downloading dataconnect-emulator-3.1.4... {"metadata":{"emulator":{"name":"dataconnect"},"message":"downloading dataconnect-emulator-3.1.4..."}}
[debug] [2026-03-01T15:18:00.354Z] >>> [apiv2][query] GET https://storage.googleapis.com/firemat-preview-drop/emulator/dataconnect-emulator-linux-amd64-v3.1.4 
[debug] [2026-03-01T15:18:00.837Z] <<< [apiv2][status] GET https://storage.googleapis.com/firemat-preview-drop/emulator/dataconnect-emulator-linux-amd64-v3.1.4 200
[debug] [2026-03-01T15:18:00.842Z] <<< [apiv2][body] GET https://storage.googleapis.com/firemat-preview-drop/emulator/dataconnect-emulator-linux-amd64-v3.1.4 [stream]
[debug] [2026-03-01T15:18:01.260Z] <<< [apiv2][status] GET https://firebase.googleapis.com/v1beta1/projects 200
[debug] [2026-03-01T15:18:01.262Z] <<< [apiv2][body] GET https://firebase.googleapis.com/v1beta1/projects [omitted]
[info] i  dataconnect: Removing outdated emulator files: dataconnect-emulator-3.2.0 {"metadata":{"emulator":{"name":"dataconnect"},"message":"Removing outdated emulator files: dataconnect-emulator-3.2.0"}}
[debug] [2026-03-01T15:18:54.419Z] W0301 15:18:54.406217    9368 control.go:74] [/emulator/studio 4f81] connector "example" has errors: example/queries.gql:40:5: Cannot query field "id" on type "Project_KeyOutput".
example/queries.gql:28:3: Field "project_insert" must not have a selection since type "Project_KeyOutput" has no subfields.
example/queries.gql:51:5: Cannot query field "id" on type "Comment_KeyOutput".
example/queries.gql:45:3: Field "comment_insert" must not have a selection since type "Comment_KeyOutput" has no subfields.

sources: example/queries.gql [1260B] 
I0301 15:18:54.406403    9368 control.go:100] [/emulator/studio 4f81] UpdateResources(): done
Main schema: sources: schema/schema.gql [734B] 
Connector "example": sources: example/queries.gql [1260B] 
 {"metadata":{"emulator":{"name":"dataconnect"},"message":"W0301 15:18:54.406217    9368 control.go:74] [/emulator/studio 4f81] connector \"example\" has errors: example/queries.gql:40:5: Cannot query field \"id\" on type \"Project_KeyOutput\".\nexample/queries.gql:28:3: Field \"project_insert\" must not have a selection since type \"Project_KeyOutput\" has no subfields.\nexample/queries.gql:51:5: Cannot query field \"id\" on type \"Comment_KeyOutput\".\nexample/queries.gql:45:3: Field \"comment_insert\" must not have a selection since type \"Comment_KeyOutput\" has no subfields.\n\nsources: example/queries.gql [1260B] \nI0301 15:18:54.406403    9368 control.go:100] [/emulator/studio 4f81] UpdateResources(): done\nMain schema: sources: schema/schema.gql [734B] \nConnector \"example\": sources: example/queries.gql [1260B] \n"}}
[debug] [2026-03-01T15:18:54.425Z] Ignoring unsupported arg: auto_download {"metadata":{"emulator":{"name":"dataconnect"},"message":"Ignoring unsupported arg: auto_download"}}
[debug] [2026-03-01T15:18:54.425Z] Ignoring unsupported arg: port {"metadata":{"emulator":{"name":"dataconnect"},"message":"Ignoring unsupported arg: port"}}
[debug] [2026-03-01T15:18:54.429Z] Starting Data Connect Emulator with command {"binary":"/home/user/.cache/firebase/emulators/dataconnect-emulator-3.1.4","args":["--logtostderr","-v=2","dev","--listen=localhost:50002","--config_dir=/home/user/studio/dataconnect","--enable_output_schema_extensions=true","--enable_output_generated_sdk=true"],"optionalArgs":["listen","config_dir","enable_output_schema_extensions","enable_output_generated_sdk"],"joinArgs":true,"shell":false,"port":9399} {"metadata":{"emulator":{"name":"dataconnect"},"message":"Starting Data Connect Emulator with command {\"binary\":\"/home/user/.cache/firebase/emulators/dataconnect-emulator-3.1.4\",\"args\":[\"--logtostderr\",\"-v=2\",\"dev\",\"--listen=localhost:50002\",\"--config_dir=/home/user/studio/dataconnect\",\"--enable_output_schema_extensions=true\",\"--enable_output_generated_sdk=true\"],\"optionalArgs\":[\"listen\",\"config_dir\",\"enable_output_schema_extensions\",\"enable_output_generated_sdk\"],\"joinArgs\":true,\"shell\":false,\"port\":9399}"}}
[info] i  dataconnect: Data Connect Emulator logging to dataconnect-debug.log {"metadata":{"emulator":{"name":"dataconnect"},"message":"Data Connect Emulator logging to dataconnect-debug.log"}}
[debug] [2026-03-01T15:18:54.712Z] I0301 15:18:54.645984    9376 load.go:31] Reloading schema and connectors...
 {"metadata":{"emulator":{"name":"dataconnect"},"message":"I0301 15:18:54.645984    9376 load.go:31] Reloading schema and connectors...\n"}}
[debug] [2026-03-01T15:18:54.942Z] W0301 15:18:54.937678    9376 control.go:74] [/emulator/studio 5dab] connector "example" has errors: example/queries.gql:40:5: Cannot query field "id" on type "Project_KeyOutput".
example/queries.gql:28:3: Field "project_insert" must not have a selection since type "Project_KeyOutput" has no subfields.
example/queries.gql:51:5: Cannot query field "id" on type "Comment_KeyOutput".
example/queries.gql:45:3: Field "comment_insert" must not have a selection since type "Comment_KeyOutput" has no subfields.

sources: example/queries.gql [1260B] 
I0301 15:18:54.937767    9376 control.go:100] [/emulator/studio 5dab] UpdateResources(): done
Main schema: sources: schema/schema.gql [734B] 
Connector "example": sources: example/queries.gql [1260B] 
E0301 15:18:54.942074    9376 load.go:73] Could not load sources: 
Errors: example/queries.gql:40:5: Cannot query field "id" on type "Project_KeyOutput".
example/queries.gql:28:3: Field "project_insert" must not have a selection since type "Project_KeyOutput" has no subfields.
example/queries.gql:51:5: Cannot query field "id" on type "Comment_KeyOutput".
example/queries.gql:45:3: Field "comment_insert" must not have a selection since type "Comment_KeyOutput" has no subfields.
 {"metadata":{"emulator":{"name":"dataconnect"},"message":"W0301 15:18:54.937678    9376 control.go:74] [/emulator/studio 5dab] connector \"example\" has errors: example/queries.gql:40:5: Cannot query field \"id\" on type \"Project_KeyOutput\".\nexample/queries.gql:28:3: Field \"project_insert\" must not have a selection since type \"Project_KeyOutput\" has no subfields.\nexample/queries.gql:51:5: Cannot query field \"id\" on type \"Comment_KeyOutput\".\nexample/queries.gql:45:3: Field \"comment_insert\" must not have a selection since type \"Comment_KeyOutput\" has no subfields.\n\nsources: example/queries.gql [1260B] \nI0301 15:18:54.937767    9376 control.go:100] [/emulator/studio 5dab] UpdateResources(): done\nMain schema: sources: schema/schema.gql [734B] \nConnector \"example\": sources: example/queries.gql [1260B] \nE0301 15:18:54.942074    9376 load.go:73] Could not load sources: \nErrors: example/queries.gql:40:5: Cannot query field \"id\" on type \"Project_KeyOutput\".\nexample/queries.gql:28:3: Field \"project_insert\" must not have a selection since type \"Project_KeyOutput\" has no subfields.\nexample/queries.gql:51:5: Cannot query field \"id\" on type \"Comment_KeyOutput\".\nexample/queries.gql:45:3: Field \"comment_insert\" must not have a selection since type \"Comment_KeyOutput\" has no subfields.\n"}}
[debug] [2026-03-01T15:18:54.951Z] I0301 15:18:54.943952    9376 collector.go:107] schema extensions wrote into "/home/user/studio/dataconnect/.dataconnect/schema"
Generated sources: main/mutation.gql [16419B] prelude.gql [80731B] main/implicit.gql [2439B] main/input.gql [44487B] main/relation.gql [22274B] main/query.gql [6117B] 
I0301 15:18:54.944050    9376 load.go:74] Finished reloading
 {"metadata":{"emulator":{"name":"dataconnect"},"message":"I0301 15:18:54.943952    9376 collector.go:107] schema extensions wrote into \"/home/user/studio/dataconnect/.dataconnect/schema\"\nGenerated sources: main/mutation.gql [16419B] prelude.gql [80731B] main/implicit.gql [2439B] main/input.gql [44487B] main/relation.gql [22274B] main/query.gql [6117B] \nI0301 15:18:54.944050    9376 load.go:74] Finished reloading\n"}}
[debug] [2026-03-01T15:18:55.033Z] I0301 15:18:55.025760    9376 dev.go:104] Listening on address (HTTP + gRPC): 127.0.0.1:50002
 {"metadata":{"emulator":{"name":"dataconnect"},"message":"I0301 15:18:55.025760    9376 dev.go:104] Listening on address (HTTP + gRPC): 127.0.0.1:50002\n"}}
[debug] [2026-03-01T15:18:55.380Z] I0301 15:18:55.374100    9376 engine.go:208] [/emulator/studio 5dab] ExecuteGraphqlRead IntrospectionQuery: succeeded. 
 {"metadata":{"emulator":{"name":"dataconnect"},"message":"I0301 15:18:55.374100    9376 engine.go:208] [/emulator/studio 5dab] ExecuteGraphqlRead IntrospectionQuery: succeeded. \n"}}
